<?xml version="1.0" encoding="UTF-8"?>
<!-- Generated by org.testng.reporters.JUnitReportReporter -->
<testsuite hostname="Aravinds-MacBook-Pro-2.local" failures="0" tests="3" name="sampleproject.Testclass" time="28.344" errors="0" timestamp="2022-10-18T08:53:20 PDT" skipped="0">
  <testcase classname="sampleproject.Testclass" name="test" time="8.556"/>
  <system-out/>
  <testcase classname="sampleproject.Testclass" name="test" time="8.227"/>
  <system-out/>
  <testcase classname="sampleproject.Testclass" name="test" time="11.561"/>
  <system-out/>
</testsuite> <!-- sampleproject.Testclass -->
